[02/14/18, 11:11:51:960] info: ╔═════════════════════════════════════════════════════════════════════════════╗
[02/14/18, 11:11:51:962] info: ║      Slack 2.8.2, linux 4.15.3-1-ARCH on x64 at 02/14/18, 11:11:51:952      ║
[02/14/18, 11:11:51:963] info: ╚═════════════════════════════════════════════════════════════════════════════╝
[02/14/18, 11:11:52:233] info: Initializing local storage instance at path: /home/graeme/.config/Slack/local-settings.json
[02/14/18, 11:11:53:228] info: WebViewLifeCycle: Creating subscribable lifecycle object
{ objectId: 'T52MS08FN', assignedId: 1 }
[02/14/18, 11:11:53:230] info: WebView LifeCycle: New webview component created for T52MS08FN:1', with state 'unloaded'
[02/14/18, 11:11:53:231] info: WebViewLifeCycle: Creating subscribable lifecycle object
{ objectId: 'T893KE1EF', assignedId: 2 }
[02/14/18, 11:11:53:232] info: WebView LifeCycle: New webview component created for T893KE1EF:2', with state 'unloaded'
[02/14/18, 11:11:53:238] info: TeamsDisplay: T52MS08FN usage: 1039794970
[02/14/18, 11:11:53:239] info: TeamsDisplay: T893KE1EF usage: 0
[02/14/18, 11:11:53:242] info: Store: SET_NETWORK_STATUS online
[02/14/18, 11:11:53:450] info: Store: APP_STARTED
{ updated: { events: { eventId: 1 } } }
[02/14/18, 11:11:53:462] info: Checking network connection to Slack...
[02/14/18, 11:11:59:918] info: TeamView: Bugsnag user: U7NDLGNAH
[02/14/18, 11:11:59:930] info: WebViewLifeCycle: State changed
{ id: 'T52MS08FN',
  componentId: 1,
  newState: 'page-loaded',
  data: null }
[02/14/18, 11:11:59:931] info: Store: page-loaded
[02/14/18, 11:12:00:014] info: WebViewLifeCycle: State changed
{ id: 'T893KE1EF',
  componentId: 2,
  newState: 'page-loaded',
  data: null }
[02/14/18, 11:12:00:016] info: Store: page-loaded
[02/14/18, 11:12:01:591] info: Store: SELECT_CHANNEL
{ updated: { appTeams: { selectedChannelId: 'C8A7WPBM5' } } }
[02/14/18, 11:12:01:631] info: Store: SELECT_CHANNEL
{ updated: { appTeams: { selectedChannelId: 'D8GB1QA9K' } } }
[02/14/18, 11:12:03:519] info: Webapp finished loading
[02/14/18, 11:12:03:520] info: WebViewLifeCycle: State changed
{ id: 'T893KE1EF',
  componentId: 2,
  newState: 'webapp-loaded',
  data: null }
[02/14/18, 11:12:03:521] info: Store: webapp-loaded
[02/14/18, 11:12:03:535] info: Webapp finished loading
[02/14/18, 11:12:03:536] info: WebViewLifeCycle: State changed
{ id: 'T52MS08FN',
  componentId: 1,
  newState: 'webapp-loaded',
  data: null }
[02/14/18, 11:12:03:537] info: Store: webapp-loaded
[02/14/18, 11:12:03:738] info: Store: [7] Store an API token for a team
{ updated: { tokens: { T893KE1EF: [Object] } } }
[02/14/18, 11:12:04:364] info: Store: [7] Store an API token for a team
{ updated: { tokens: { T52MS08FN: [Object] } } }
[02/14/18, 11:12:19:404] info: Store: SELECT_CHANNEL
{ updated: { appTeams: { selectedChannelId: 'C77RH4U79' } } }
[02/14/18, 11:23:44:213] info: Store: SAVE_WINDOW_SETTINGS
{ updated: { windowFrame: { windowSettings: [Object] } } }
[02/14/18, 11:24:37:480] info: Store: SELECT_CHANNEL
{ updated: { appTeams: { selectedChannelId: 'D7P3P99A5' } } }
[02/14/18, 11:29:58:899] info: Store: NEW_NOTIFICATION
{ updated: { notifications: { notifications: [Object], newNotification: [Object] } },
  deleted: {} }
[02/14/18, 11:29:58:915] info: Creating new window notification.
[02/14/18, 11:31:26:075] info: Store: NEW_NOTIFICATION
{ updated: { notifications: { notifications: [Object], newNotification: [Object] } },
  deleted: {} }
[02/14/18, 11:31:26:084] info: Creating new window notification.
[02/14/18, 11:38:13:937] info: Store: NEW_NOTIFICATION
{ updated: { notifications: { notifications: [Object], newNotification: [Object] } },
  deleted: {} }
[02/14/18, 11:38:13:948] info: Creating new window notification.
[02/14/18, 11:41:18:881] info: Store: SELECT_CHANNEL
{ updated: { appTeams: { selectedChannelId: 'C7JLBQYHH' } } }
[02/14/18, 11:41:43:904] info: Store: NEW_NOTIFICATION
{ updated: { notifications: { notifications: [Object], newNotification: [Object] } },
  deleted: {} }
[02/14/18, 11:41:43:912] info: Creating new window notification.
[02/14/18, 11:41:44:123] info: Store: SELECT_CHANNEL
{ updated: { appTeams: { selectedChannelId: 'D7P3P99A5' } } }
[02/14/18, 11:47:26:047] info: Store: SELECT_CHANNEL
{ updated: { appTeams: { selectedChannelId: 'C7JLBQYHH' } } }
[02/14/18, 11:48:08:777] info: Store: SELECT_CHANNEL
{ updated: { appTeams: { selectedChannelId: 'D7PGLRJ0K' } } }
[02/14/18, 11:48:11:362] info: Store: NEW_NOTIFICATION
{ updated: { notifications: { notifications: [Object], newNotification: [Object] } },
  deleted: {} }
[02/14/18, 11:48:11:376] info: Creating new window notification.
[02/14/18, 11:48:17:518] info: Store: SELECT_CHANNEL
{ updated: { appTeams: { selectedChannelId: 'D7P3P99A5' } } }
[02/14/18, 11:49:28:769] info: Store: NEW_NOTIFICATION
{ updated: { notifications: { notifications: [Object], newNotification: [Object] } },
  deleted: {} }
[02/14/18, 11:49:28:779] info: Creating new window notification.
[02/14/18, 11:55:10:761] info: Store: SELECT_CHANNEL
{ updated: { appTeams: { selectedChannelId: 'D7PGLRJ0K' } } }
[02/14/18, 11:55:20:252] info: Store: NEW_NOTIFICATION
{ updated: { notifications: { notifications: [Object], newNotification: [Object] } },
  deleted: {} }
[02/14/18, 11:55:20:257] info: Creating new window notification.
[02/14/18, 11:55:46:723] info: Store: SELECT_CHANNEL
{ updated: { appTeams: { selectedChannelId: 'D7P3P99A5' } } }
[02/14/18, 11:57:06:764] info: Store: NEW_NOTIFICATION
{ updated: { notifications: { notifications: [Object], newNotification: [Object] } },
  deleted: {} }
[02/14/18, 11:57:06:768] info: Creating new window notification.
[02/14/18, 11:57:16:013] info: Store: SELECT_CHANNEL
{ updated: { appTeams: { selectedChannelId: 'D7PGLRJ0K' } } }
[02/14/18, 12:03:25:835] info: Store: SELECT_CHANNEL
{ updated: { appTeams: { selectedChannelId: 'C92T0TYHZ' } } }
[02/14/18, 12:05:02:196] info: Store: NEW_NOTIFICATION
{ updated: { notifications: { notifications: [Object], newNotification: [Object] } },
  deleted: {} }
[02/14/18, 12:05:02:209] info: Creating new window notification.
[02/14/18, 12:55:40:066] info: Store: NEW_NOTIFICATION
{ updated: { notifications: { notifications: [Object], newNotification: [Object] } },
  deleted: {} }
[02/14/18, 12:55:40:069] info: Creating new window notification.
[02/14/18, 13:15:18:839] info: Store: SELECT_CHANNEL
{ updated: { appTeams: { selectedChannelId: 'C52P1LKRB' } } }
[02/14/18, 13:15:27:661] info: Store: SELECT_CHANNEL
{ updated: { appTeams: { selectedChannelId: 'C7JLBQYHH' } } }
[02/14/18, 13:15:34:159] info: Store: SELECT_CHANNEL
{ updated: { appTeams: { selectedChannelId: 'C77RH4U79' } } }
[02/14/18, 13:25:02:026] info: Store: SELECT_CHANNEL
{ updated: { appTeams: { selectedChannelId: 'C52P1LKRB' } } }
[02/14/18, 13:25:06:750] info: Store: SELECT_CHANNEL
{ updated: { appTeams: { selectedChannelId: 'C92T0TYHZ' } } }
[02/14/18, 13:38:45:499] info: Store: SAVE_WINDOW_SETTINGS
{ updated: { windowFrame: { windowSettings: [Object] } } }
[02/14/18, 13:38:47:866] info: Store: SAVE_WINDOW_SETTINGS
{ updated: { windowFrame: { windowSettings: [Object] } } }
[02/14/18, 14:21:13:477] info: Store: SELECT_CHANNEL
{ updated: { appTeams: { selectedChannelId: 'C5EQ4KK3R' } } }
[02/14/18, 14:21:33:886] info: Store: SELECT_CHANNEL
{ updated: { appTeams: { selectedChannelId: 'C52P1LKRB' } } }
[02/14/18, 14:21:45:487] info: Store: SELECT_CHANNEL
{ updated: { appTeams: { selectedChannelId: 'C7JLBQYHH' } } }
[02/14/18, 14:21:55:126] info: Store: FOREGROUND_APP
{ updated: { events: { foregroundApp: [Object] } } }
[02/14/18, 14:21:56:756] info: Store: QUIT_APP
{ updated: { events: { eventId: 38 } } }
[02/14/18, 14:21:56:815] info: Store: REMOVE_WINDOW
{ updated: {} }
