[02/07/18, 08:42:03:026] info: ╔══════════════════════════════════════════════════════════════════════════════╗
[02/07/18, 08:42:03:028] info: ║      Slack 2.8.2, linux 4.14.14-1-ARCH on x64 at 02/07/18, 08:42:03:019      ║
[02/07/18, 08:42:03:029] info: ╚══════════════════════════════════════════════════════════════════════════════╝
[02/07/18, 08:42:03:277] info: Initializing local storage instance at path: /home/graeme/.config/Slack/local-settings.json
[02/07/18, 08:42:04:113] info: WebViewLifeCycle: Creating subscribable lifecycle object
{ objectId: 'T52MS08FN', assignedId: 1 }
[02/07/18, 08:42:04:115] info: WebView LifeCycle: New webview component created for T52MS08FN:1', with state 'unloaded'
[02/07/18, 08:42:04:118] info: WebViewLifeCycle: Creating subscribable lifecycle object
{ objectId: 'T893KE1EF', assignedId: 2 }
[02/07/18, 08:42:04:119] info: WebView LifeCycle: New webview component created for T893KE1EF:2', with state 'unloaded'
[02/07/18, 08:42:04:143] info: TeamsDisplay: T52MS08FN usage: 1039794970
[02/07/18, 08:42:04:143] info: TeamsDisplay: T893KE1EF usage: 0
[02/07/18, 08:42:04:145] info: Store: SET_NETWORK_STATUS online
[02/07/18, 08:42:04:346] info: Store: APP_STARTED
{ updated: { events: { eventId: 1 } } }
[02/07/18, 08:42:04:368] info: Checking network connection to Slack...
[02/07/18, 08:42:10:673] info: WebViewLifeCycle: State changed
{ id: 'T893KE1EF',
  componentId: 2,
  newState: 'page-loaded',
  data: null }
[02/07/18, 08:42:10:675] info: Store: page-loaded
[02/07/18, 08:42:10:790] info: TeamView: Bugsnag user: U7NDLGNAH
[02/07/18, 08:42:10:797] info: WebViewLifeCycle: State changed
{ id: 'T52MS08FN',
  componentId: 1,
  newState: 'page-loaded',
  data: null }
[02/07/18, 08:42:10:797] info: Store: page-loaded
[02/07/18, 08:42:11:558] info: Store: SELECT_CHANNEL
{ updated: { appTeams: { selectedChannelId: 'C8A7WPBM5' } } }
[02/07/18, 08:42:11:959] info: Store: SELECT_CHANNEL
{ updated: { appTeams: { selectedChannelId: 'C92T0TYHZ' } } }
[02/07/18, 08:42:14:102] info: Webapp finished loading
[02/07/18, 08:42:14:104] info: WebViewLifeCycle: State changed
{ id: 'T893KE1EF',
  componentId: 2,
  newState: 'webapp-loaded',
  data: null }
[02/07/18, 08:42:14:106] info: Store: webapp-loaded
[02/07/18, 08:42:15:002] info: Webapp finished loading
[02/07/18, 08:42:15:005] info: WebViewLifeCycle: State changed
{ id: 'T52MS08FN',
  componentId: 1,
  newState: 'webapp-loaded',
  data: null }
[02/07/18, 08:42:15:006] info: Store: webapp-loaded
[02/07/18, 08:42:15:156] info: Store: [7] Store an API token for a team
{ updated: { tokens: { T893KE1EF: [Object] } } }
[02/07/18, 08:42:15:486] info: Store: [7] Store an API token for a team
{ updated: { tokens: { T52MS08FN: [Object] } } }
[02/07/18, 08:44:55:851] info: Store: NEW_NOTIFICATION
{ updated: { notifications: { notifications: [Object], newNotification: [Object] } },
  deleted: {} }
[02/07/18, 08:44:55:856] info: Creating new window notification.
[02/07/18, 08:45:07:096] info: Store: SELECT_CHANNEL
{ updated: { appTeams: { selectedChannelId: 'G8ZCWCDV4' } } }
[02/07/18, 08:45:54:990] info: Store: SELECT_CHANNEL
{ updated: { appTeams: { selectedChannelId: 'C7JLBQYHH' } } }
[02/07/18, 08:46:30:157] info: Store: SELECT_CHANNEL
{ updated: { appTeams: { selectedChannelId: 'C8UCF8XAS' } } }
[02/07/18, 08:47:08:114] info: Store: SELECT_CHANNEL
{ updated: { appTeams: { selectedChannelId: 'C52P1LKRB' } } }
[02/07/18, 08:47:53:810] info: Store: SELECT_CHANNEL
{ updated: { appTeams: { selectedChannelId: 'C5EQ4KK3R' } } }
[02/07/18, 08:56:36:131] info: Store: SAVE_WINDOW_SETTINGS
{ updated: { windowFrame: { windowSettings: [Object] } } }
[02/07/18, 09:32:21:502] info: Store: SAVE_WINDOW_SETTINGS
{ updated: { windowFrame: { windowSettings: [Object] } } }
[02/07/18, 09:32:22:266] info: Store: SELECT_CHANNEL
{ updated: { appTeams: { selectedChannelId: 'C52P1LKRB' } } }
[02/07/18, 09:32:29:588] info: Store: SELECT_CHANNEL
{ updated: { appTeams: { selectedChannelId: 'C7JLBQYHH' } } }
[02/07/18, 09:34:09:681] info: Store: NEW_NOTIFICATION
{ updated: { notifications: { notifications: [Object], newNotification: [Object] } },
  deleted: {} }
[02/07/18, 09:34:09:683] info: Creating new window notification.
[02/07/18, 09:37:39:157] info: Store: SELECT_CHANNEL
{ updated: { appTeams: { selectedChannelId: 'C77RH4U79' } } }
[02/07/18, 09:37:45:242] info: Store: SELECT_CHANNEL
{ updated: { appTeams: { selectedChannelId: 'G8ZCWCDV4' } } }
[02/07/18, 09:42:02:506] info: Store: SELECT_CHANNEL
{ updated: { appTeams: { selectedChannelId: 'C7JLBQYHH' } } }
[02/07/18, 09:49:54:451] info: Store: NEW_NOTIFICATION
{ updated: { notifications: { notifications: [Object], newNotification: [Object] } },
  deleted: {} }
[02/07/18, 09:49:54:455] info: Creating new window notification.
[02/07/18, 09:50:04:428] info: Store: SELECT_CHANNEL
{ updated: { appTeams: { selectedChannelId: 'D7V9MHYBY' } } }
[02/07/18, 09:50:59:874] info: Store: NEW_NOTIFICATION
{ updated: { notifications: { notifications: [Object], newNotification: [Object] } },
  deleted: {} }
[02/07/18, 09:50:59:876] info: Creating new window notification.
[02/07/18, 10:23:04:777] info: Store: NEW_NOTIFICATION
{ updated: { notifications: { notifications: [Object], newNotification: [Object] } },
  deleted: {} }
[02/07/18, 10:23:04:786] info: Creating new window notification.
[02/07/18, 10:23:13:157] info: Store: SELECT_CHANNEL
{ updated: { appTeams: { selectedChannelId: 'C52P1LKRB' } } }
[02/07/18, 10:24:43:166] info: Store: NEW_NOTIFICATION
{ updated: { notifications: { notifications: [Object], newNotification: [Object] } },
  deleted: {} }
[02/07/18, 10:24:43:175] info: Creating new window notification.
[02/07/18, 10:29:33:438] info: Store: NEW_NOTIFICATION
{ updated: { notifications: { notifications: [Object], newNotification: [Object] } },
  deleted: {} }
[02/07/18, 10:29:33:450] info: Creating new window notification.
[02/07/18, 10:34:21:460] info: Store: NEW_NOTIFICATION
{ updated: { notifications: { notifications: [Object], newNotification: [Object] } },
  deleted: {} }
[02/07/18, 10:34:21:468] info: Creating new window notification.
[02/07/18, 11:45:05:809] info: Store: NEW_NOTIFICATION
{ updated: { notifications: { notifications: [Object], newNotification: [Object] } },
  deleted: {} }
[02/07/18, 11:45:05:812] info: Creating new window notification.
[02/07/18, 11:45:12:409] info: Store: SELECT_CHANNEL
{ updated: { appTeams: { selectedChannelId: 'D857S9L64' } } }
[02/07/18, 11:45:24:606] info: Store: SELECT_CHANNEL
{ updated: { appTeams: { selectedChannelId: 'C7JLBQYHH' } } }
[02/07/18, 11:52:01:350] info: Store: NEW_NOTIFICATION
{ updated: { notifications: { notifications: [Object], newNotification: [Object] } },
  deleted: {} }
[02/07/18, 11:52:01:356] info: Creating new window notification.
[02/07/18, 11:52:11:955] info: Store: SELECT_CHANNEL
{ updated: { appTeams: { selectedChannelId: 'D7N7N5CKD' } } }
[02/07/18, 11:52:59:002] info: Store: NEW_NOTIFICATION
{ updated: { notifications: { notifications: [Object], newNotification: [Object] } },
  deleted: {} }
[02/07/18, 11:52:59:006] info: Creating new window notification.
[02/07/18, 11:53:57:726] info: Store: NEW_NOTIFICATION
{ updated: { notifications: { notifications: [Object], newNotification: [Object] } },
  deleted: {} }
[02/07/18, 11:53:57:733] info: Creating new window notification.
[02/07/18, 11:56:28:447] info: Store: SELECT_CHANNEL
{ updated: { appTeams: { selectedChannelId: 'D857S9L64' } } }
[02/07/18, 12:26:58:145] info: Store: NEW_NOTIFICATION
{ updated: { notifications: { notifications: [Object], newNotification: [Object] } },
  deleted: {} }
[02/07/18, 12:26:58:151] info: Creating new window notification.
[02/07/18, 12:59:02:209] info: Store: NEW_NOTIFICATION
{ updated: { notifications: { notifications: [Object], newNotification: [Object] } },
  deleted: {} }
[02/07/18, 12:59:02:218] info: Creating new window notification.
[02/07/18, 12:59:14:818] info: Store: SELECT_CHANNEL
{ updated: { appTeams: { selectedChannelId: 'C52P1LKRB' } } }
[02/07/18, 14:01:33:186] info: Store: NEW_NOTIFICATION
{ updated: { notifications: { notifications: [Object], newNotification: [Object] } },
  deleted: {} }
[02/07/18, 14:01:33:188] info: Creating new window notification.
[02/07/18, 14:01:39:792] info: Store: SELECT_CHANNEL
{ updated: { appTeams: { selectedChannelId: 'D7V9MHYBY' } } }
[02/07/18, 14:01:44:111] info: Store: SELECT_CHANNEL
{ updated: { appTeams: { selectedChannelId: 'C8UCF8XAS' } } }
[02/07/18, 14:01:46:912] info: Store: SELECT_CHANNEL
{ updated: { appTeams: { selectedChannelId: 'C7JLBQYHH' } } }
[02/07/18, 14:01:49:294] info: Store: SELECT_CHANNEL
{ updated: { appTeams: { selectedChannelId: 'D857S9L64' } } }
[02/07/18, 14:34:03:858] info: Store: NEW_NOTIFICATION
{ updated: { notifications: { notifications: [Object], newNotification: [Object] } },
  deleted: {} }
[02/07/18, 14:34:03:860] info: Creating new window notification.
[02/07/18, 14:47:05:639] info: Store: SELECT_CHANNEL
{ updated: { appTeams: { selectedChannelId: 'C52P1LKRB' } } }
[02/07/18, 14:47:16:988] info: Store: SELECT_CHANNEL
{ updated: { appTeams: { selectedChannelId: 'C8UCF8XAS' } } }
[02/07/18, 14:47:20:118] info: Store: SELECT_CHANNEL
{ updated: { appTeams: { selectedChannelId: 'C77RH4U79' } } }
[02/07/18, 14:47:27:159] info: Store: SELECT_CHANNEL
{ updated: { appTeams: { selectedChannelId: 'D857S9L64' } } }
[02/07/18, 14:59:56:451] info: Store: NEW_NOTIFICATION
{ updated: { notifications: { notifications: [Object], newNotification: [Object] } },
  deleted: {} }
[02/07/18, 14:59:56:453] info: Creating new window notification.
[02/07/18, 15:43:19:377] info: Store: SELECT_CHANNEL
{ updated: { appTeams: { selectedChannelId: 'C5EQ4KK3R' } } }
[02/07/18, 16:38:05:062] info: Store: NEW_NOTIFICATION
{ updated: { notifications: { notifications: [Object], newNotification: [Object] } },
  deleted: {} }
[02/07/18, 16:38:05:066] info: Creating new window notification.
[02/07/18, 16:38:11:525] info: Store: SELECT_CHANNEL
{ updated: { appTeams: { selectedChannelId: 'C52P1LKRB' } } }
[02/07/18, 16:46:38:627] info: Store: SELECT_CHANNEL
{ updated: { appTeams: { selectedChannelId: 'D7PGLRJ0K' } } }
[02/07/18, 16:51:19:714] info: Store: NEW_NOTIFICATION
{ updated: { notifications: { notifications: [Object], newNotification: [Object] } },
  deleted: {} }
[02/07/18, 16:51:19:723] info: Creating new window notification.
[02/07/18, 16:51:59:978] info: Store: SELECT_CHANNEL
{ updated: { appTeams: { selectedChannelId: 'D81FG793K' } } }
[02/07/18, 16:52:10:199] info: Store: SELECT_CHANNEL
{ updated: { appTeams: { selectedChannelId: 'G8ZCWCDV4' } } }
[02/07/18, 16:52:20:348] info: Store: SELECT_CHANNEL
{ updated: { appTeams: { selectedChannelId: 'D7PGLRJ0K' } } }
[02/07/18, 16:56:26:558] info: Store: NEW_NOTIFICATION
{ updated: { notifications: { notifications: [Object], newNotification: [Object] } },
  deleted: {} }
[02/07/18, 16:56:26:564] info: Creating new window notification.
[02/07/18, 16:59:39:107] info: Store: SELECT_CHANNEL
{ updated: { appTeams: { selectedChannelId: 'C7JLBQYHH' } } }
[02/07/18, 17:06:21:466] info: Store: SELECT_CHANNEL
{ updated: { appTeams: { selectedChannelId: 'D7PGLRJ0K' } } }
[02/07/18, 17:11:02:227] info: Store: NEW_NOTIFICATION
{ updated: { notifications: { notifications: [Object], newNotification: [Object] } },
  deleted: {} }
[02/07/18, 17:11:02:233] info: Creating new window notification.
[02/08/18, 08:12:40:012] info: Store: NEW_NOTIFICATION
{ updated: { notifications: { notifications: [Object], newNotification: [Object] } },
  deleted: {} }
[02/08/18, 08:12:40:015] info: Creating new window notification.
[02/08/18, 09:15:56:019] info: Store: SELECT_CHANNEL
{ updated: { appTeams: { selectedChannelId: 'C7CH4E342' } } }
[02/08/18, 09:19:33:469] info: Store: SELECT_CHANNEL
{ updated: { appTeams: { selectedChannelId: 'C52P1LKRB' } } }
[02/08/18, 09:19:45:396] info: Store: SELECT_CHANNEL
{ updated: { appTeams: { selectedChannelId: 'C7JLBQYHH' } } }
[02/08/18, 09:46:14:743] info: Store: SELECT_CHANNEL
{ updated: { appTeams: { selectedChannelId: 'C7CH4E342' } } }
[02/08/18, 09:46:31:474] info: Store: SELECT_CHANNEL
{ updated: { appTeams: { selectedChannelId: 'D81FG793K' } } }
[02/08/18, 10:00:15:943] info: Store: NEW_NOTIFICATION
{ updated: { notifications: { notifications: [Object], newNotification: [Object] } },
  deleted: {} }
[02/08/18, 10:00:15:950] info: Creating new window notification.
[02/08/18, 10:13:23:899] info: Store: NEW_NOTIFICATION
{ updated: { notifications: { notifications: [Object], newNotification: [Object] } },
  deleted: {} }
[02/08/18, 10:13:23:905] info: Creating new window notification.
[02/08/18, 10:41:09:364] info: Store: SELECT_CHANNEL
{ updated: { appTeams: { selectedChannelId: 'D7P3P99A5' } } }
[02/08/18, 10:42:25:082] info: Store: NEW_NOTIFICATION
{ updated: { notifications: { notifications: [Object], newNotification: [Object] } },
  deleted: {} }
[02/08/18, 10:42:25:089] info: Creating new window notification.
[02/08/18, 11:51:00:578] info: Store: NEW_NOTIFICATION
{ updated: { notifications: { notifications: [Object], newNotification: [Object] } },
  deleted: {} }
[02/08/18, 11:51:00:580] info: Creating new window notification.
[02/08/18, 12:02:42:283] info: Store: NEW_NOTIFICATION
{ updated: { notifications: { notifications: [Object], newNotification: [Object] } },
  deleted: {} }
[02/08/18, 12:02:42:286] info: Creating new window notification.
[02/08/18, 12:02:58:449] info: Store: SELECT_CHANNEL
{ updated: { appTeams: { selectedChannelId: 'D7PGLRJ0K' } } }
[02/08/18, 12:03:26:214] info: Store: SELECT_CHANNEL
{ updated: { appTeams: { selectedChannelId: 'C5EQ4KK3R' } } }
[02/08/18, 12:03:31:158] info: Store: SELECT_CHANNEL
{ updated: { appTeams: { selectedChannelId: 'C7JLBQYHH' } } }
[02/08/18, 12:03:37:248] info: Store: SELECT_CHANNEL
{ updated: { appTeams: { selectedChannelId: 'D81FG793K' } } }
[02/08/18, 12:08:52:338] info: Store: SELECT_CHANNEL
{ updated: { appTeams: { selectedChannelId: 'D7V9MHYBY' } } }
[02/08/18, 12:12:01:084] info: Store: SELECT_CHANNEL
{ updated: { appTeams: { selectedChannelId: 'C5EQ4KK3R' } } }
[02/08/18, 12:17:35:009] info: Store: NEW_NOTIFICATION
{ updated: { notifications: { notifications: [Object], newNotification: [Object] } },
  deleted: {} }
[02/08/18, 12:17:35:012] info: Creating new window notification.
[02/08/18, 12:34:18:257] info: Store: SELECT_CHANNEL
{ updated: { appTeams: { selectedChannelId: 'D7V9MHYBY' } } }
[02/08/18, 13:44:42:309] info: Store: SELECT_CHANNEL
{ updated: { appTeams: { selectedChannelId: 'C7JLBQYHH' } } }
[02/08/18, 13:44:51:789] info: Store: SELECT_CHANNEL
{ updated: { appTeams: { selectedChannelId: 'D81FG793K' } } }
[02/08/18, 13:44:58:882] info: Store: SELECT_CHANNEL
{ updated: { appTeams: { selectedChannelId: 'D7PGLRJ0K' } } }
[02/08/18, 13:45:08:026] info: Store: SELECT_CHANNEL
{ updated: { appTeams: { selectedChannelId: 'D7P3P99A5' } } }
[02/08/18, 13:54:40:801] info: Store: NEW_NOTIFICATION
{ updated: { notifications: { notifications: [Object], newNotification: [Object] } },
  deleted: {} }
[02/08/18, 13:54:40:806] info: Creating new window notification.
[02/08/18, 13:54:52:599] info: Store: SELECT_CHANNEL
{ updated: { appTeams: { selectedChannelId: 'C7JLBQYHH' } } }
[02/08/18, 13:58:19:332] info: Store: NEW_NOTIFICATION
{ updated: { notifications: { notifications: [Object], newNotification: [Object] } },
  deleted: {} }
[02/08/18, 13:58:19:337] info: Creating new window notification.
[02/08/18, 14:17:07:702] info: Store: SELECT_CHANNEL
{ updated: { appTeams: { selectedChannelId: 'D7P3P99A5' } } }
[02/08/18, 14:42:49:746] info: Store: NEW_NOTIFICATION
{ updated: { notifications: { notifications: [Object], newNotification: [Object] } },
  deleted: {} }
[02/08/18, 14:42:49:759] info: Creating new window notification.
[02/08/18, 14:42:54:828] info: Store: SELECT_CHANNEL
{ updated: { appTeams: { selectedChannelId: 'C7JLBQYHH' } } }
[02/08/18, 14:44:31:701] info: Store: SELECT_CHANNEL
{ updated: { appTeams: { selectedChannelId: 'D7P3P99A5' } } }
[02/08/18, 14:45:18:380] info: Store: SELECT_CHANNEL
{ updated: { appTeams: { selectedChannelId: 'C7JLBQYHH' } } }
[02/08/18, 15:03:48:870] info: Store: NEW_NOTIFICATION
{ updated: { notifications: { notifications: [Object], newNotification: [Object] } },
  deleted: {} }
[02/08/18, 15:03:48:875] info: Creating new window notification.
[02/08/18, 15:04:02:663] info: Store: SELECT_CHANNEL
{ updated: { appTeams: { selectedChannelId: 'D7P3P99A5' } } }
[02/08/18, 15:07:58:985] info: Store: NEW_NOTIFICATION
{ updated: { notifications: { notifications: [Object], newNotification: [Object] } },
  deleted: {} }
[02/08/18, 15:07:58:990] info: Creating new window notification.
[02/08/18, 15:47:15:458] info: Store: SELECT_CHANNEL
{ updated: { appTeams: { selectedChannelId: 'C7JLBQYHH' } } }
[02/08/18, 15:59:26:754] info: Store: SELECT_CHANNEL
{ updated: { appTeams: { selectedChannelId: 'D7P3P99A5' } } }
[02/08/18, 15:59:50:156] info: Store: NEW_NOTIFICATION
{ updated: { notifications: { notifications: [Object], newNotification: [Object] } },
  deleted: {} }
[02/08/18, 15:59:50:161] info: Creating new window notification.
[02/08/18, 16:00:24:604] info: Store: NEW_NOTIFICATION
{ updated: { notifications: { notifications: [Object], newNotification: [Object] } },
  deleted: {} }
[02/08/18, 16:00:24:611] info: Creating new window notification.
[02/08/18, 16:02:14:657] info: Store: NEW_NOTIFICATION
{ updated: { notifications: { notifications: [Object], newNotification: [Object] } },
  deleted: {} }
[02/08/18, 16:02:14:662] info: Creating new window notification.
[02/08/18, 16:08:41:788] info: Store: NEW_NOTIFICATION
{ updated: { notifications: { notifications: [Object], newNotification: [Object] } },
  deleted: {} }
[02/08/18, 16:08:41:796] info: Creating new window notification.
[02/08/18, 16:10:49:994] info: Store: SELECT_CHANNEL
{ updated: { appTeams: { selectedChannelId: 'C7JLBQYHH' } } }
[02/08/18, 16:11:05:861] info: Store: SELECT_CHANNEL
{ updated: { appTeams: { selectedChannelId: 'D7P3P99A5' } } }
[02/08/18, 16:11:13:405] info: Store: NEW_NOTIFICATION
{ updated: { notifications: { notifications: [Object], newNotification: [Object] } },
  deleted: {} }
[02/08/18, 16:11:13:407] info: Creating new window notification.
[02/08/18, 16:15:35:169] info: Store: SELECT_CHANNEL
{ updated: { appTeams: { selectedChannelId: 'D7V9MHYBY' } } }
[02/08/18, 16:19:23:813] info: Store: SELECT_CHANNEL
{ updated: { appTeams: { selectedChannelId: 'D857S9L64' } } }
[02/08/18, 16:20:40:345] info: Store: NEW_NOTIFICATION
{ updated: { notifications: { notifications: [Object], newNotification: [Object] } },
  deleted: {} }
[02/08/18, 16:20:40:350] info: Creating new window notification.
[02/08/18, 16:31:43:929] info: Store: SELECT_CHANNEL
{ updated: { appTeams: { selectedChannelId: 'D7V9MHYBY' } } }
[02/08/18, 16:38:27:419] info: Store: SELECT_CHANNEL
{ updated: { appTeams: { selectedChannelId: 'C7JLBQYHH' } } }
[02/08/18, 17:09:09:356] info: Store: SELECT_CHANNEL
{ updated: { appTeams: { selectedChannelId: 'D857S9L64' } } }
[02/08/18, 17:18:34:576] info: Store: SELECT_CHANNEL
{ updated: { appTeams: { selectedChannelId: 'D7V9MHYBY' } } }
[02/09/18, 09:14:53:509] info: Store: SAVE_WINDOW_SETTINGS
{ updated: { windowFrame: { windowSettings: [Object] } } }
[02/09/18, 09:15:27:685] info: Store: SELECT_CHANNEL
{ updated: { appTeams: { selectedChannelId: 'C52P1LKRB' } } }
[02/09/18, 09:16:12:338] info: Store: SELECT_CHANNEL
{ updated: { appTeams: { selectedChannelId: 'D7V9MHYBY' } } }
[02/09/18, 09:22:13:593] info: Store: NEW_NOTIFICATION
{ updated: { notifications: { notifications: [Object], newNotification: [Object] } },
  deleted: {} }
[02/09/18, 09:22:13:597] info: Creating new window notification.
[02/09/18, 09:30:35:453] info: Store: NEW_NOTIFICATION
{ updated: { notifications: { notifications: [Object], newNotification: [Object] } },
  deleted: {} }
[02/09/18, 09:30:35:456] info: Creating new window notification.
[02/09/18, 09:33:47:685] info: Store: NEW_NOTIFICATION
{ updated: { notifications: { notifications: [Object], newNotification: [Object] } },
  deleted: {} }
[02/09/18, 09:33:47:687] info: Creating new window notification.
[02/09/18, 09:36:38:041] info: Store: SELECT_CHANNEL
{ updated: { appTeams: { selectedChannelId: 'C901CS5FY' } } }
[02/09/18, 09:36:55:808] info: Store: SELECT_CHANNEL
{ updated: { appTeams: { selectedChannelId: 'C52P1LKRB' } } }
[02/09/18, 10:08:25:600] info: Store: NEW_NOTIFICATION
{ updated: { notifications: { notifications: [Object], newNotification: [Object] } },
  deleted: {} }
[02/09/18, 10:08:25:615] info: Creating new window notification.
[02/09/18, 10:08:35:220] info: Store: SELECT_CHANNEL
{ updated: { appTeams: { selectedChannelId: 'C5EQ4KK3R' } } }
[02/09/18, 10:10:18:897] info: Store: FOREGROUND_APP
{ updated: { events: { foregroundApp: [Object] } } }
[02/09/18, 10:54:03:142] info: Store: SELECT_CHANNEL
{ updated: { appTeams: { selectedChannelId: 'C901CS5FY' } } }
[02/09/18, 11:07:00:923] info: Store: NEW_NOTIFICATION
{ updated: { notifications: { notifications: [Object], newNotification: [Object] } },
  deleted: {} }
[02/09/18, 11:07:00:927] info: Creating new window notification.
[02/09/18, 11:07:08:398] info: Store: SELECT_CHANNEL
{ updated: { appTeams: { selectedChannelId: 'D7V9MHYBY' } } }
[02/09/18, 11:23:18:120] info: Store: NEW_NOTIFICATION
{ updated: { notifications: { notifications: [Object], newNotification: [Object] } },
  deleted: {} }
[02/09/18, 11:23:18:122] info: Creating new window notification.
[02/09/18, 11:23:31:718] info: Store: SELECT_CHANNEL
{ updated: { appTeams: { selectedChannelId: 'C77RH4U79' } } }
[02/09/18, 11:31:20:758] info: Store: NEW_NOTIFICATION
{ updated: { notifications: { notifications: [Object], newNotification: [Object] } },
  deleted: {} }
[02/09/18, 11:31:20:765] info: Creating new window notification.
[02/09/18, 11:37:29:875] info: Store: NEW_NOTIFICATION
{ updated: { notifications: { notifications: [Object], newNotification: [Object] } },
  deleted: {} }
[02/09/18, 11:37:29:878] info: Creating new window notification.
[02/09/18, 11:37:34:929] info: Store: SELECT_CHANNEL
{ updated: { appTeams: { selectedChannelId: 'C901CS5FY' } } }
[02/09/18, 12:33:08:950] info: Store: SELECT_CHANNEL
{ updated: { appTeams: { selectedChannelId: 'C52P1LKRB' } } }
[02/09/18, 12:39:00:092] info: Store: NEW_NOTIFICATION
{ updated: { notifications: { notifications: [Object], newNotification: [Object] } },
  deleted: {} }
[02/09/18, 12:39:00:108] info: Creating new window notification.
[02/09/18, 13:09:56:050] info: Store: SELECT_CHANNEL
{ updated: { appTeams: { selectedChannelId: 'C92T0TYHZ' } } }
[02/09/18, 13:10:08:018] info: Store: SELECT_CHANNEL
{ updated: { appTeams: { selectedChannelId: 'C7CH4E342' } } }
[02/09/18, 13:10:11:318] info: Store: SELECT_CHANNEL
{ updated: { appTeams: { selectedChannelId: 'C77RH4U79' } } }
[02/09/18, 14:27:55:322] info: Store: SELECT_CHANNEL
{ updated: { appTeams: { selectedChannelId: 'C52P1LKRB' } } }
[02/09/18, 14:56:33:996] info: Store: NEW_NOTIFICATION
{ updated: { notifications: { notifications: [Object], newNotification: [Object] } },
  deleted: {} }
[02/09/18, 14:56:34:009] info: Creating new window notification.
[02/09/18, 14:57:32:822] info: Store: NEW_NOTIFICATION
{ updated: { notifications: { notifications: [Object], newNotification: [Object] } },
  deleted: {} }
[02/09/18, 14:57:32:825] info: Creating new window notification.
[02/09/18, 14:57:39:172] info: Store: SELECT_CHANNEL
{ updated: { appTeams: { selectedChannelId: 'D7V9MHYBY' } } }
[02/09/18, 15:10:56:307] info: Store: NEW_NOTIFICATION
{ updated: { notifications: { notifications: [Object], newNotification: [Object] } },
  deleted: {} }
[02/09/18, 15:10:56:310] info: Creating new window notification.
[02/09/18, 15:11:15:563] info: Store: SELECT_CHANNEL
{ updated: { appTeams: { selectedChannelId: 'C7CH4E342' } } }
[02/09/18, 15:13:49:593] info: Store: SELECT_CHANNEL
{ updated: { appTeams: { selectedChannelId: 'D81FG793K' } } }
[02/09/18, 15:59:47:176] info: Store: NEW_NOTIFICATION
{ updated: { notifications: { notifications: [Object], newNotification: [Object] } },
  deleted: {} }
[02/09/18, 15:59:47:184] info: Creating new window notification.
[02/09/18, 15:59:59:917] info: Store: SELECT_CHANNEL
{ updated: { appTeams: { selectedChannelId: 'C7CH4E342' } } }
[02/09/18, 16:27:57:347] info: Store: SELECT_CHANNEL
{ updated: { appTeams: { selectedChannelId: 'C92T0TYHZ' } } }
[02/09/18, 16:28:17:465] info: Store: SELECT_CHANNEL
{ updated: { appTeams: { selectedChannelId: 'D7PGLRJ0K' } } }
[02/09/18, 16:28:25:593] info: Store: SELECT_CHANNEL
{ updated: { appTeams: { selectedChannelId: 'C77RH4U79' } } }
[02/09/18, 16:56:43:624] info: Store: SELECT_CHANNEL
{ updated: { appTeams: { selectedChannelId: 'C92T0TYHZ' } } }
[02/09/18, 17:18:41:241] info: Store: NEW_NOTIFICATION
{ updated: { notifications: { notifications: [Object], newNotification: [Object] } },
  deleted: {} }
[02/09/18, 17:18:41:247] info: Creating new window notification.
[02/09/18, 17:19:42:078] info: Store: SELECT_CHANNEL
{ updated: { appTeams: { selectedChannelId: 'C52P1LKRB' } } }
[02/09/18, 17:19:45:494] info: Store: SELECT_CHANNEL
{ updated: { appTeams: { selectedChannelId: 'C77RH4U79' } } }
[02/09/18, 17:21:46:629] info: Store: SELECT_CHANNEL
{ updated: { appTeams: { selectedChannelId: 'C52P1LKRB' } } }
[02/09/18, 20:01:42:312] info: WebView: Received redirect request from https://mercurytideteam.slack.com/messages/C52P1LKRB/ to https://mercurytideteam.slack.com/messages/C52P1LKRB.
[02/09/18, 20:01:42:313] info: WebViewLifeCycle: State changed
{ id: 'T52MS08FN',
  componentId: 1,
  newState: 'page-redirect',
  data: null }
[02/09/18, 20:01:47:083] info: WebViewLifeCycle: State changed
{ id: 'T52MS08FN',
  componentId: 1,
  newState: 'page-loaded',
  data: null }
[02/09/18, 20:01:47:085] info: Store: page-loaded
[02/09/18, 20:01:48:559] info: Webapp finished loading
[02/09/18, 20:01:48:560] info: WebViewLifeCycle: State changed
{ id: 'T52MS08FN',
  componentId: 1,
  newState: 'webapp-loaded',
  data: null }
[02/09/18, 20:01:48:561] info: Store: webapp-loaded
[02/09/18, 20:05:54:174] info: WebView: Received redirect request from https://devilparrot.slack.com/messages/C8A7WPBM5/ to https://devilparrot.slack.com/messages/C8A7WPBM5.
[02/09/18, 20:05:54:177] info: WebViewLifeCycle: State changed
{ id: 'T893KE1EF',
  componentId: 2,
  newState: 'page-redirect',
  data: null }
[02/09/18, 20:05:58:908] info: WebViewLifeCycle: State changed
{ id: 'T893KE1EF',
  componentId: 2,
  newState: 'page-loaded',
  data: null }
[02/09/18, 20:05:58:909] info: Store: page-loaded
[02/09/18, 20:06:14:028] info: Store: SELECT_CHANNEL
{ updated: { appTeams: { selectedChannelId: 'C8A7WPBM5' } } }
[02/09/18, 20:06:14:493] info: Webapp finished loading
[02/09/18, 20:06:14:496] info: WebViewLifeCycle: State changed
{ id: 'T893KE1EF',
  componentId: 2,
  newState: 'webapp-loaded',
  data: null }
[02/09/18, 20:06:14:497] info: Store: webapp-loaded
[02/12/18, 08:48:14:278] info: Store: SAVE_WINDOW_SETTINGS
{ updated: { windowFrame: { windowSettings: [Object] } } }
[02/12/18, 09:11:41:433] info: Store: SELECT_CHANNEL
{ updated: { appTeams: { selectedChannelId: 'C5EQ4KK3R' } } }
[02/12/18, 09:13:28:602] info: Store: NEW_NOTIFICATION
{ updated: { notifications: { notifications: [Object], newNotification: [Object] } },
  deleted: {} }
[02/12/18, 09:13:28:606] info: Creating new window notification.
[02/12/18, 09:16:39:931] info: Store: SELECT_CHANNEL
{ updated: { appTeams: { selectedChannelId: 'D81FG793K' } } }
[02/12/18, 09:42:25:111] info: Store: NEW_NOTIFICATION
{ updated: { notifications: { notifications: [Object], newNotification: [Object] } },
  deleted: {} }
[02/12/18, 09:42:25:113] info: Creating new window notification.
[02/12/18, 09:48:23:375] info: Store: SELECT_CHANNEL
{ updated: { appTeams: { selectedChannelId: 'C7CH4E342' } } }
[02/12/18, 09:48:52:993] info: Store: SELECT_CHANNEL
{ updated: { appTeams: { selectedChannelId: 'C5EQ4KK3R' } } }
[02/12/18, 09:49:43:383] info: Store: NEW_NOTIFICATION
{ updated: { notifications: { notifications: [Object], newNotification: [Object] } },
  deleted: {} }
[02/12/18, 09:49:43:385] info: Creating new window notification.
[02/12/18, 09:49:49:237] info: Store: SELECT_CHANNEL
{ updated: { appTeams: { selectedChannelId: 'C7CH4E342' } } }
[02/12/18, 10:16:02:285] info: Store: SELECT_CHANNEL
{ updated: { appTeams: { selectedChannelId: 'D7P3P99A5' } } }
[02/12/18, 10:18:12:607] info: Store: SELECT_CHANNEL
{ updated: { appTeams: { selectedChannelId: 'D80NFBA1G' } } }
[02/12/18, 10:19:45:973] info: Store: NEW_NOTIFICATION
{ updated: { notifications: { notifications: [Object], newNotification: [Object] } },
  deleted: {} }
[02/12/18, 10:19:45:978] info: Creating new window notification.
[02/12/18, 10:19:54:231] info: Store: SELECT_CHANNEL
{ updated: { appTeams: { selectedChannelId: 'D7P3P99A5' } } }
[02/12/18, 10:37:56:918] info: Store: SELECT_CHANNEL
{ updated: { appTeams: { selectedChannelId: 'D857S9L64' } } }
[02/12/18, 10:38:55:718] info: Store: NEW_NOTIFICATION
{ updated: { notifications: { notifications: [Object], newNotification: [Object] } },
  deleted: {} }
[02/12/18, 10:38:55:723] info: Creating new window notification.
[02/12/18, 10:41:14:702] info: Store: NEW_NOTIFICATION
{ updated: { notifications: { notifications: [Object], newNotification: [Object] } },
  deleted: {} }
[02/12/18, 10:41:14:710] info: Creating new window notification.
[02/12/18, 10:41:21:393] info: Store: SELECT_CHANNEL
{ updated: { appTeams: { selectedChannelId: 'C5EQ4KK3R' } } }
[02/12/18, 11:16:49:045] info: Store: SELECT_CHANNEL
{ updated: { appTeams: { selectedChannelId: 'C7JLBQYHH' } } }
[02/12/18, 11:17:38:442] info: Store: SELECT_CHANNEL
{ updated: { appTeams: { selectedChannelId: 'D80NFBA1G' } } }
[02/12/18, 11:18:15:839] info: Store: SELECT_CHANNEL
{ updated: { appTeams: { selectedChannelId: 'C7JLBQYHH' } } }
[02/12/18, 11:19:43:465] info: Store: NEW_NOTIFICATION
{ updated: { notifications: { notifications: [Object], newNotification: [Object] } },
  deleted: {} }
[02/12/18, 11:19:43:474] info: Creating new window notification.
[02/12/18, 11:19:57:389] info: Store: SELECT_CHANNEL
{ updated: { appTeams: { selectedChannelId: 'D7PGLRJ0K' } } }
[02/12/18, 11:20:33:504] info: Store: NEW_NOTIFICATION
{ updated: { notifications: { notifications: [Object], newNotification: [Object] } },
  deleted: {} }
[02/12/18, 11:20:33:509] info: Creating new window notification.
[02/12/18, 11:20:34:367] info: Store: NEW_NOTIFICATION
{ updated: { notifications: { notifications: [Object], newNotification: [Object] } },
  deleted: {} }
[02/12/18, 11:20:34:373] info: Creating new window notification.
[02/12/18, 11:20:47:167] info: Store: SELECT_CHANNEL
{ updated: { appTeams: { selectedChannelId: 'C7JLBQYHH' } } }
[02/12/18, 11:33:45:078] info: Store: NEW_NOTIFICATION
{ updated: { notifications: { notifications: [Object], newNotification: [Object] } },
  deleted: {} }
[02/12/18, 11:33:45:083] info: Creating new window notification.
[02/12/18, 12:03:10:575] info: Store: SELECT_CHANNEL
{ updated: { appTeams: { selectedChannelId: 'C52P1LKRB' } } }
[02/12/18, 12:04:23:173] info: Store: SELECT_CHANNEL
{ updated: { appTeams: { selectedChannelId: 'C77RH4U79' } } }
[02/12/18, 12:04:27:435] info: Store: SELECT_CHANNEL
{ updated: { appTeams: { selectedChannelId: 'D7V9MHYBY' } } }
[02/12/18, 12:05:14:808] info: Store: SELECT_CHANNEL
{ updated: { appTeams: { selectedChannelId: 'D857S9L64' } } }
[02/12/18, 12:05:23:761] info: Store: SELECT_CHANNEL
{ updated: { appTeams: { selectedChannelId: 'C77RH4U79' } } }
[02/12/18, 12:05:38:588] info: Store: SELECT_CHANNEL
{ updated: { appTeams: { selectedChannelId: 'D857S9L64' } } }
[02/12/18, 12:06:51:541] info: Store: NEW_NOTIFICATION
{ updated: { notifications: { notifications: [Object], newNotification: [Object] } },
  deleted: {} }
[02/12/18, 12:06:51:546] info: Creating new window notification.
[02/12/18, 12:09:48:491] info: Store: SELECT_CHANNEL
{ updated: { appTeams: { selectedChannelId: 'C77RH4U79' } } }
[02/12/18, 12:50:25:980] info: Store: NEW_NOTIFICATION
{ updated: { notifications: { notifications: [Object], newNotification: [Object] } },
  deleted: {} }
[02/12/18, 12:50:25:983] info: Creating new window notification.
[02/12/18, 13:01:13:693] info: Store: NEW_NOTIFICATION
{ updated: { notifications: { notifications: [Object], newNotification: [Object] } },
  deleted: {} }
[02/12/18, 13:01:13:701] info: Creating new window notification.
[02/12/18, 13:10:12:632] info: Store: SELECT_CHANNEL
{ updated: { appTeams: { selectedChannelId: 'C52P1LKRB' } } }
[02/12/18, 13:12:11:781] info: Store: SELECT_CHANNEL
{ updated: { appTeams: { selectedChannelId: 'C77RH4U79' } } }
[02/12/18, 13:28:54:630] info: Store: SELECT_CHANNEL
{ updated: { appTeams: { selectedChannelId: 'D7PLD170T' } } }
[02/12/18, 13:34:56:699] info: Store: NEW_NOTIFICATION
{ updated: { notifications: { notifications: [Object], newNotification: [Object] } },
  deleted: {} }
[02/12/18, 13:34:56:706] info: Creating new window notification.
[02/12/18, 14:27:52:892] info: Store: SELECT_CHANNEL
{ updated: { appTeams: { selectedChannelId: 'C52P1LKRB' } } }
[02/12/18, 14:59:27:404] info: Store: SELECT_CHANNEL
{ updated: { appTeams: { selectedChannelId: 'C8UCF8XAS' } } }
[02/12/18, 14:59:40:685] info: Store: SELECT_CHANNEL
{ updated: { appTeams: { selectedChannelId: 'C52P1LKRB' } } }
[02/12/18, 16:07:05:179] info: Store: NEW_NOTIFICATION
{ updated: { notifications: { notifications: [Object], newNotification: [Object] } },
  deleted: {} }
[02/12/18, 16:07:05:183] info: Creating new window notification.
[02/12/18, 16:15:58:247] info: Store: SELECT_CHANNEL
{ updated: { appTeams: { selectedChannelId: 'D7PGLRJ0K' } } }
[02/12/18, 16:18:34:817] info: Store: SELECT_CHANNEL
{ updated: { appTeams: { selectedChannelId: 'D7P3P99A5' } } }
[02/12/18, 16:20:46:765] info: Store: NEW_NOTIFICATION
{ updated: { notifications: { notifications: [Object], newNotification: [Object] } },
  deleted: {} }
[02/12/18, 16:20:46:769] info: Creating new window notification.
[02/12/18, 16:27:31:191] info: Store: SELECT_CHANNEL
{ updated: { appTeams: { selectedChannelId: 'D7PGLRJ0K' } } }
[02/12/18, 16:29:06:092] info: Store: NEW_NOTIFICATION
{ updated: { notifications: { notifications: [Object], newNotification: [Object] } },
  deleted: {} }
[02/12/18, 16:29:06:096] info: Creating new window notification.
[02/12/18, 16:31:31:399] info: Store: NEW_NOTIFICATION
{ updated: { notifications: { notifications: [Object], newNotification: [Object] } },
  deleted: {} }
[02/12/18, 16:31:31:418] info: Creating new window notification.
[02/12/18, 16:57:01:571] info: Store: SELECT_CHANNEL
{ updated: { appTeams: { selectedChannelId: 'D7P3P99A5' } } }
[02/12/18, 17:00:22:354] info: Store: NEW_NOTIFICATION
{ updated: { notifications: { notifications: [Object], newNotification: [Object] } },
  deleted: {} }
[02/12/18, 17:00:22:514] info: Creating new window notification.
[02/12/18, 17:05:49:627] info: Store: NEW_NOTIFICATION
{ updated: { notifications: { notifications: [Object], newNotification: [Object] } },
  deleted: {} }
[02/12/18, 17:05:49:630] info: Creating new window notification.
[02/12/18, 17:07:19:194] info: Store: NEW_NOTIFICATION
{ updated: { notifications: { notifications: [Object], newNotification: [Object] } },
  deleted: {} }
[02/12/18, 17:07:19:242] info: Creating new window notification.
[02/12/18, 17:07:39:757] info: Store: NEW_NOTIFICATION
{ updated: { notifications: { notifications: [Object], newNotification: [Object] } },
  deleted: {} }
[02/12/18, 17:07:39:761] info: Creating new window notification.
[02/12/18, 17:09:39:150] info: Store: NEW_NOTIFICATION
{ updated: { notifications: { notifications: [Object], newNotification: [Object] } },
  deleted: {} }
[02/12/18, 17:09:39:153] info: Creating new window notification.
[02/12/18, 17:14:11:472] info: Store: NEW_NOTIFICATION
{ updated: { notifications: { notifications: [Object], newNotification: [Object] } },
  deleted: {} }
[02/12/18, 17:14:11:617] info: Creating new window notification.
[02/12/18, 17:18:30:604] info: Store: SELECT_CHANNEL
{ updated: { appTeams: { selectedChannelId: 'D7PGLRJ0K' } } }
[02/13/18, 09:36:36:712] info: Store: SELECT_CHANNEL
{ updated: { appTeams: { selectedChannelId: 'C52P1LKRB' } } }
[02/13/18, 09:36:46:113] info: Store: SELECT_CHANNEL
{ updated: { appTeams: { selectedChannelId: 'C7JLBQYHH' } } }
[02/13/18, 09:50:08:473] info: Store: SELECT_CHANNEL
{ updated: { appTeams: { selectedChannelId: 'D7P3P99A5' } } }
[02/13/18, 09:53:13:109] info: Store: NEW_NOTIFICATION
{ updated: { notifications: { notifications: [Object], newNotification: [Object] } },
  deleted: {} }
[02/13/18, 09:53:13:138] info: Creating new window notification.
[02/13/18, 10:34:12:451] info: Store: SELECT_CHANNEL
{ updated: { appTeams: { selectedChannelId: 'C7JLBQYHH' } } }
[02/13/18, 10:41:54:637] info: Store: SELECT_CHANNEL
{ updated: { appTeams: { selectedChannelId: 'D7P3P99A5' } } }
[02/13/18, 10:52:13:049] info: Store: NEW_NOTIFICATION
{ updated: { notifications: { notifications: [Object], newNotification: [Object] } },
  deleted: {} }
[02/13/18, 10:52:13:246] info: Creating new window notification.
[02/13/18, 10:52:41:356] info: Store: NEW_NOTIFICATION
{ updated: { notifications: { notifications: [Object], newNotification: [Object] } },
  deleted: {} }
[02/13/18, 10:52:41:360] info: Creating new window notification.
[02/13/18, 10:55:30:591] info: Store: NEW_NOTIFICATION
{ updated: { notifications: { notifications: [Object], newNotification: [Object] } },
  deleted: {} }
[02/13/18, 10:55:30:594] info: Creating new window notification.
[02/13/18, 11:03:28:947] info: Store: SELECT_CHANNEL
{ updated: { appTeams: { selectedChannelId: 'C7JLBQYHH' } } }
[02/13/18, 11:23:15:091] info: Store: SELECT_CHANNEL
{ updated: { appTeams: { selectedChannelId: 'D7PGLRJ0K' } } }
[02/13/18, 11:24:01:162] info: Store: NEW_NOTIFICATION
{ updated: { notifications: { notifications: [Object], newNotification: [Object] } },
  deleted: {} }
[02/13/18, 11:24:01:190] info: Creating new window notification.
[02/13/18, 11:24:09:406] info: Store: NEW_NOTIFICATION
{ updated: { notifications: { notifications: [Object], newNotification: [Object] } },
  deleted: {} }
[02/13/18, 11:24:09:411] info: Creating new window notification.
[02/13/18, 11:25:14:507] info: Store: NEW_NOTIFICATION
{ updated: { notifications: { notifications: [Object], newNotification: [Object] } },
  deleted: {} }
[02/13/18, 11:25:14:509] info: Creating new window notification.
[02/13/18, 11:27:26:570] info: Store: NEW_NOTIFICATION
{ updated: { notifications: { notifications: [Object], newNotification: [Object] } },
  deleted: {} }
[02/13/18, 11:27:26:579] info: Creating new window notification.
[02/13/18, 12:20:03:698] info: Store: NEW_NOTIFICATION
{ updated: { notifications: { notifications: [Object], newNotification: [Object] } },
  deleted: {} }
[02/13/18, 12:20:03:706] info: Creating new window notification.
[02/13/18, 12:20:22:208] info: Store: NEW_NOTIFICATION
{ updated: { notifications: { notifications: [Object], newNotification: [Object] } },
  deleted: {} }
[02/13/18, 12:20:22:212] info: Creating new window notification.
[02/13/18, 14:02:50:321] info: Store: SELECT_CHANNEL
{ updated: { appTeams: { selectedChannelId: 'C5EQ4KK3R' } } }
[02/13/18, 14:09:43:669] info: Store: SELECT_CHANNEL
{ updated: { appTeams: { selectedChannelId: 'D7PGLRJ0K' } } }
[02/13/18, 14:30:41:914] info: Store: SELECT_CHANNEL
{ updated: { appTeams: { selectedChannelId: 'D7P3P99A5' } } }
[02/13/18, 14:33:43:215] info: Store: NEW_NOTIFICATION
{ updated: { notifications: { notifications: [Object], newNotification: [Object] } },
  deleted: {} }
[02/13/18, 14:33:43:225] info: Creating new window notification.
[02/13/18, 14:34:23:778] info: Store: NEW_NOTIFICATION
{ updated: { notifications: { notifications: [Object], newNotification: [Object] } },
  deleted: {} }
[02/13/18, 14:34:23:782] info: Creating new window notification.
[02/13/18, 14:35:38:245] info: Store: NEW_NOTIFICATION
{ updated: { notifications: { notifications: [Object], newNotification: [Object] } },
  deleted: {} }
[02/13/18, 14:35:38:249] info: Creating new window notification.
[02/13/18, 14:35:44:600] info: Store: NEW_NOTIFICATION
{ updated: { notifications: { notifications: [Object], newNotification: [Object] } },
  deleted: {} }
[02/13/18, 14:35:44:604] info: Creating new window notification.
[02/13/18, 14:45:55:358] info: Store: SELECT_CHANNEL
{ updated: { appTeams: { selectedChannelId: 'D81FG793K' } } }
[02/13/18, 14:46:09:386] info: Store: NEW_NOTIFICATION
{ updated: { notifications: { notifications: [Object], newNotification: [Object] } },
  deleted: {} }
[02/13/18, 14:46:09:398] info: Creating new window notification.
[02/13/18, 14:46:23:940] info: Store: SELECT_CHANNEL
{ updated: { appTeams: { selectedChannelId: 'C92T0TYHZ' } } }
[02/13/18, 14:47:46:089] info: Store: SELECT_CHANNEL
{ updated: { appTeams: { selectedChannelId: 'D81FG793K' } } }
[02/13/18, 14:48:27:468] info: Store: NEW_NOTIFICATION
{ updated: { notifications: { notifications: [Object], newNotification: [Object] } },
  deleted: {} }
[02/13/18, 14:48:27:475] info: Creating new window notification.
[02/13/18, 14:50:05:124] info: Store: SELECT_CHANNEL
{ updated: { appTeams: { selectedChannelId: 'C92T0TYHZ' } } }
[02/13/18, 14:55:30:198] info: Store: SELECT_CHANNEL
{ updated: { appTeams: { selectedChannelId: 'D7P3P99A5' } } }
[02/13/18, 14:57:11:676] info: Store: NEW_NOTIFICATION
{ updated: { notifications: { notifications: [Object], newNotification: [Object] } },
  deleted: {} }
[02/13/18, 14:57:11:687] info: Creating new window notification.
[02/13/18, 14:58:37:449] info: Store: NEW_NOTIFICATION
{ updated: { notifications: { notifications: [Object], newNotification: [Object] } },
  deleted: {} }
[02/13/18, 14:58:37:452] info: Creating new window notification.
[02/13/18, 15:04:51:157] info: Store: NEW_NOTIFICATION
{ updated: { notifications: { notifications: [Object], newNotification: [Object] } },
  deleted: {} }
[02/13/18, 15:04:51:160] info: Creating new window notification.
[02/13/18, 15:05:00:856] info: Store: SELECT_CHANNEL
{ updated: { appTeams: { selectedChannelId: 'D81FG793K' } } }
[02/13/18, 15:06:18:007] info: Store: SELECT_CHANNEL
{ updated: { appTeams: { selectedChannelId: 'D7PGLRJ0K' } } }
[02/13/18, 15:26:07:050] info: Store: NEW_NOTIFICATION
{ updated: { notifications: { notifications: [Object], newNotification: [Object] } },
  deleted: {} }
[02/13/18, 15:26:07:053] info: Creating new window notification.
[02/13/18, 15:42:18:819] info: Store: SELECT_CHANNEL
{ updated: { appTeams: { selectedChannelId: 'C7JLBQYHH' } } }
[02/13/18, 15:42:28:708] info: Store: SELECT_CHANNEL
{ updated: { appTeams: { selectedChannelId: 'D81FG793K' } } }
[02/13/18, 15:55:25:948] info: Store: SELECT_CHANNEL
{ updated: { appTeams: { selectedChannelId: 'D7P3P99A5' } } }
[02/13/18, 15:57:48:420] info: Store: NEW_NOTIFICATION
{ updated: { notifications: { notifications: [Object], newNotification: [Object] } },
  deleted: {} }
[02/13/18, 15:57:48:430] info: Creating new window notification.
[02/13/18, 15:59:36:041] info: Store: NEW_NOTIFICATION
{ updated: { notifications: { notifications: [Object], newNotification: [Object] } },
  deleted: {} }
[02/13/18, 15:59:36:048] info: Creating new window notification.
[02/13/18, 16:06:21:854] info: Store: SELECT_CHANNEL
{ updated: { appTeams: { selectedChannelId: 'C7JLBQYHH' } } }
[02/13/18, 16:54:30:539] info: Store: NEW_NOTIFICATION
{ updated: { notifications: { notifications: [Object], newNotification: [Object] } },
  deleted: {} }
[02/13/18, 16:54:30:565] info: Creating new window notification.
[02/13/18, 16:56:58:852] info: Store: NEW_NOTIFICATION
{ updated: { notifications: { notifications: [Object], newNotification: [Object] } },
  deleted: {} }
[02/13/18, 16:56:58:858] info: Creating new window notification.
[02/13/18, 17:10:01:842] info: Store: SELECT_CHANNEL
{ updated: { appTeams: { selectedChannelId: 'D7PGLRJ0K' } } }
[02/13/18, 17:17:11:117] info: Store: NEW_NOTIFICATION
{ updated: { notifications: { notifications: [Object], newNotification: [Object] } },
  deleted: {} }
[02/13/18, 17:17:11:120] info: Creating new window notification.
[02/13/18, 18:05:01:216] info: Store: NEW_NOTIFICATION
{ updated: { notifications: { notifications: [Object], newNotification: [Object] } },
  deleted: {} }
[02/13/18, 18:05:01:220] info: Creating new window notification.
[02/14/18, 08:30:22:010] info: Store: NEW_NOTIFICATION
{ updated: { notifications: { notifications: [Object], newNotification: [Object] } },
  deleted: {} }
[02/14/18, 08:30:22:013] info: Creating new window notification.
[02/14/18, 09:10:25:730] info: Store: NEW_NOTIFICATION
{ updated: { notifications: { notifications: [Object], newNotification: [Object] } },
  deleted: {} }
[02/14/18, 09:10:25:735] info: Creating new window notification.
[02/14/18, 09:11:29:658] info: Store: NEW_NOTIFICATION
{ updated: { notifications: { notifications: [Object], newNotification: [Object] } },
  deleted: {} }
[02/14/18, 09:11:29:661] info: Creating new window notification.
[02/14/18, 09:17:30:563] info: Store: SELECT_CHANNEL
{ updated: { appTeams: { selectedChannelId: 'D81FG793K' } } }
[02/14/18, 09:18:59:860] info: Store: SELECT_CHANNEL
{ updated: { appTeams: { selectedChannelId: 'D7PGLRJ0K' } } }
[02/14/18, 09:21:19:539] info: Store: SELECT_CHANNEL
{ updated: { appTeams: { selectedChannelId: 'C52P1LKRB' } } }
[02/14/18, 09:21:36:207] info: Store: SELECT_CHANNEL
{ updated: { appTeams: { selectedChannelId: 'C92T0TYHZ' } } }
[02/14/18, 09:21:52:920] info: Store: NEW_NOTIFICATION
{ updated: { notifications: { notifications: [Object], newNotification: [Object] } },
  deleted: {} }
[02/14/18, 09:21:52:924] info: Creating new window notification.
[02/14/18, 09:21:57:213] info: Store: NEW_NOTIFICATION
{ updated: { notifications: { notifications: [Object], newNotification: [Object] } },
  deleted: {} }
[02/14/18, 09:21:57:216] info: Creating new window notification.
[02/14/18, 09:22:17:823] info: Store: SELECT_CHANNEL
{ updated: { appTeams: { selectedChannelId: 'D7PGLRJ0K' } } }
[02/14/18, 09:23:29:559] info: Store: NEW_NOTIFICATION
{ updated: { notifications: { notifications: [Object], newNotification: [Object] } },
  deleted: {} }
[02/14/18, 09:23:29:564] info: Creating new window notification.
[02/14/18, 09:24:08:741] info: Store: SELECT_CHANNEL
{ updated: { appTeams: { selectedChannelId: 'D81FG793K' } } }
[02/14/18, 09:24:12:214] info: Store: NEW_NOTIFICATION
{ updated: { notifications: { notifications: [Object], newNotification: [Object] } },
  deleted: {} }
[02/14/18, 09:24:12:218] info: Creating new window notification.
[02/14/18, 09:24:16:295] info: Store: SELECT_CHANNEL
{ updated: { appTeams: { selectedChannelId: 'D7PGLRJ0K' } } }
[02/14/18, 09:24:31:151] info: Store: SELECT_CHANNEL
{ updated: { appTeams: { selectedChannelId: 'C77RH4U79' } } }
[02/14/18, 09:26:23:249] info: Store: NEW_NOTIFICATION
{ updated: { notifications: { notifications: [Object], newNotification: [Object] } },
  deleted: {} }
[02/14/18, 09:26:23:260] info: Creating new window notification.
[02/14/18, 09:35:37:097] info: Store: SELECT_CHANNEL
{ updated: { appTeams: { selectedChannelId: 'C92T0TYHZ' } } }
[02/14/18, 09:36:33:256] info: Store: SELECT_CHANNEL
{ updated: { appTeams: { selectedChannelId: 'C7JLBQYHH' } } }
[02/14/18, 09:36:38:506] info: Store: SELECT_CHANNEL
{ updated: { appTeams: { selectedChannelId: 'D7P3P99A5' } } }
[02/14/18, 09:37:42:203] info: Store: SELECT_CHANNEL
{ updated: { appTeams: { selectedChannelId: 'C7JLBQYHH' } } }
[02/14/18, 09:39:59:023] info: Store: NEW_NOTIFICATION
{ updated: { notifications: { notifications: [Object], newNotification: [Object] } },
  deleted: {} }
[02/14/18, 09:39:59:030] info: Creating new window notification.
[02/14/18, 09:40:47:034] info: Store: NEW_NOTIFICATION
{ updated: { notifications: { notifications: [Object], newNotification: [Object] } },
  deleted: {} }
[02/14/18, 09:40:47:038] info: Creating new window notification.
[02/14/18, 09:40:57:114] info: Store: SELECT_CHANNEL
{ updated: { appTeams: { selectedChannelId: 'D7P3P99A5' } } }
[02/14/18, 09:41:21:055] info: Store: NEW_NOTIFICATION
{ updated: { notifications: { notifications: [Object], newNotification: [Object] } },
  deleted: {} }
[02/14/18, 09:41:21:061] info: Creating new window notification.
[02/14/18, 09:43:48:903] info: Store: NEW_NOTIFICATION
{ updated: { notifications: { notifications: [Object], newNotification: [Object] } },
  deleted: {} }
[02/14/18, 09:43:48:909] info: Creating new window notification.
[02/14/18, 09:44:23:030] info: Store: NEW_NOTIFICATION
{ updated: { notifications: { notifications: [Object], newNotification: [Object] } },
  deleted: {} }
[02/14/18, 09:44:23:035] info: Creating new window notification.
[02/14/18, 09:46:41:111] info: Store: NEW_NOTIFICATION
{ updated: { notifications: { notifications: [Object], newNotification: [Object] } },
  deleted: {} }
[02/14/18, 09:46:41:116] info: Creating new window notification.
[02/14/18, 09:58:57:816] info: Store: NEW_NOTIFICATION
{ updated: { notifications: { notifications: [Object], newNotification: [Object] } },
  deleted: {} }
[02/14/18, 09:58:57:819] info: Creating new window notification.
[02/14/18, 09:59:11:934] info: Store: SELECT_CHANNEL
{ updated: { appTeams: { selectedChannelId: 'C7JLBQYHH' } } }
[02/14/18, 10:21:59:066] info: Store: SELECT_CHANNEL
{ updated: { appTeams: { selectedChannelId: 'D7P3P99A5' } } }
[02/14/18, 10:22:25:099] info: Store: SELECT_CHANNEL
{ updated: { appTeams: { selectedChannelId: 'C92T0TYHZ' } } }
[02/14/18, 10:22:30:686] info: Store: SELECT_CHANNEL
{ updated: { appTeams: { selectedChannelId: 'D7P3P99A5' } } }
[02/14/18, 10:32:39:388] info: Store: NEW_NOTIFICATION
{ updated: { notifications: { notifications: [Object], newNotification: [Object] } },
  deleted: {} }
[02/14/18, 10:32:39:393] info: Creating new window notification.
[02/14/18, 10:32:48:059] info: Store: SELECT_CHANNEL
{ updated: { appTeams: { selectedChannelId: 'C5EQ4KK3R' } } }
[02/14/18, 10:33:00:310] info: Store: NEW_NOTIFICATION
{ updated: { notifications: { notifications: [Object], newNotification: [Object] } },
  deleted: {} }
[02/14/18, 10:33:00:319] info: Creating new window notification.
[02/14/18, 10:35:58:061] info: Store: SELECT_CHANNEL
{ updated: { appTeams: { selectedChannelId: 'C52P1LKRB' } } }
[02/14/18, 10:47:41:770] info: Store: SELECT_CHANNEL
{ updated: { appTeams: { selectedChannelId: 'C5EQ4KK3R' } } }
